<?xml version="1.0" encoding="UTF-8"?>
<testng-results ignored="0" total="1" passed="1" failed="0" skipped="0">
  <reporter-output>
  </reporter-output>
  <suite started-at="2022-04-09T12:29:27 IST" name="Default suite" finished-at="2022-04-09T12:32:38 IST" duration-ms="191013">
    <groups>
    </groups>
    <test started-at="2022-04-09T12:29:27 IST" name="Default test" finished-at="2022-04-09T12:32:38 IST" duration-ms="191013">
      <class name="testcases.Flipkart_LoginTest">
        <test-method is-config="true" signature="setup()[pri:0, instance:testcases.Flipkart_LoginTest@5ba3f27a]" started-at="2022-04-09T12:29:27 IST" name="setup" finished-at="2022-04-09T12:32:18 IST" duration-ms="171374" status="PASS">
          <reporter-output>
          </reporter-output>
        </test-method> <!-- setup -->
        <test-method signature="init()[pri:0, instance:testcases.Flipkart_LoginTest@5ba3f27a]" started-at="2022-04-09T12:32:18 IST" name="init" finished-at="2022-04-09T12:32:26 IST" duration-ms="7563" status="PASS">
          <reporter-output>
          </reporter-output>
        </test-method> <!-- init -->
        <test-method is-config="true" signature="tearDown()[pri:0, instance:testcases.Flipkart_LoginTest@5ba3f27a]" started-at="2022-04-09T12:32:26 IST" name="tearDown" finished-at="2022-04-09T12:32:38 IST" duration-ms="11894" status="PASS">
          <reporter-output>
          </reporter-output>
        </test-method> <!-- tearDown -->
      </class> <!-- testcases.Flipkart_LoginTest -->
    </test> <!-- Default test -->
  </suite> <!-- Default suite -->
</testng-results>
